<?xml version="1.0" encoding="UTF-8"?>
<!-- Generated by org.testng.reporters.JUnitXMLReporter -->
<testsuite ignored="12" hostname="Mukilan" failures="0" tests="7" name="ChromeTest" time="71.022" errors="0" timestamp="2025-05-23T08:50:30 IST">
  <testcase classname="tests.TC001_SignUpFunctionTest" name="SignUpTest" time="2.923"/>
  <testcase classname="tests.TC002_LoginFunctionTest" name="loginTest" time="2.475"/>
  <testcase classname="tests.TC003_Product_Categories_and_DisplayTest" name="productTest" time="3.011"/>
  <testcase classname="tests.TC004_ProductDetails_and_AddingToCartTest" name="productAndCartTest" time="14.241"/>
  <testcase classname="tests.TC005_Cart_FunctionalityTest" name="cartFunctionTest" time="9.519"/>
  <testcase classname="tests.TC006_Purchase_FunctionTest" name="purchaseFunctionTest" time="4.456"/>
  <testcase classname="tests.TC007_Logout_FunctionTest" name="logoutTest" time="3.483"/>
  <testcase classname="base.ProjectSpecificationMethods" name="@BeforeSuite reportinitialization" time="0.0">
    <ignored/>
  </testcase> <!-- @BeforeSuite reportinitialization -->
  <testcase classname="base.ProjectSpecificationMethods" name="@AfterSuite closeReport" time="0.0">
    <ignored/>
  </testcase> <!-- @AfterSuite closeReport -->
  <testcase classname="base.ProjectSpecificationMethods" name="@AfterSuite closeReport" time="0.0">
    <ignored/>
  </testcase> <!-- @AfterSuite closeReport -->
  <testcase classname="base.ProjectSpecificationMethods" name="@BeforeSuite reportinitialization" time="0.0">
    <ignored/>
  </testcase> <!-- @BeforeSuite reportinitialization -->
  <testcase classname="base.ProjectSpecificationMethods" name="@AfterSuite closeReport" time="0.0">
    <ignored/>
  </testcase> <!-- @AfterSuite closeReport -->
  <testcase classname="base.ProjectSpecificationMethods" name="@BeforeSuite reportinitialization" time="0.0">
    <ignored/>
  </testcase> <!-- @BeforeSuite reportinitialization -->
  <testcase classname="base.ProjectSpecificationMethods" name="@BeforeSuite reportinitialization" time="0.0">
    <ignored/>
  </testcase> <!-- @BeforeSuite reportinitialization -->
  <testcase classname="base.ProjectSpecificationMethods" name="@AfterSuite closeReport" time="0.0">
    <ignored/>
  </testcase> <!-- @AfterSuite closeReport -->
  <testcase classname="base.ProjectSpecificationMethods" name="@BeforeSuite reportinitialization" time="0.0">
    <ignored/>
  </testcase> <!-- @BeforeSuite reportinitialization -->
  <testcase classname="base.ProjectSpecificationMethods" name="@AfterSuite closeReport" time="0.0">
    <ignored/>
  </testcase> <!-- @AfterSuite closeReport -->
  <testcase classname="base.ProjectSpecificationMethods" name="@BeforeSuite reportinitialization" time="0.0">
    <ignored/>
  </testcase> <!-- @BeforeSuite reportinitialization -->
  <testcase classname="base.ProjectSpecificationMethods" name="@AfterSuite closeReport" time="0.0">
    <ignored/>
  </testcase> <!-- @AfterSuite closeReport -->
</testsuite> <!-- ChromeTest -->
