<?xml version="1.0" encoding="UTF-8"?>
<!-- Generated by org.testng.reporters.JUnitXMLReporter -->
<testsuite ignored="12" hostname="Mukilan" failures="0" tests="7" name="ChromeTest" time="148.971" errors="0" timestamp="2025-05-23T09:15:01 IST">
  <testcase classname="tests.TC001_SignUpFunctionTest" name="SignUpTest" time="2.931"/>
  <testcase classname="tests.TC002_LoginFunctionTest" name="loginTest" time="2.43"/>
  <testcase classname="tests.TC003_Product_Categories_and_DisplayTest" name="productTest" time="2.489"/>
  <testcase classname="tests.TC004_ProductDetails_and_AddingToCartTest" name="productAndCartTest" time="40.949"/>
  <testcase classname="tests.TC005_Cart_FunctionalityTest" name="cartFunctionTest" time="59.621"/>
  <testcase classname="tests.TC006_Purchase_FunctionTest" name="purchaseFunctionTest" time="4.473"/>
  <testcase classname="tests.TC007_Logout_FunctionTest" name="logoutTest" time="2.911"/>
  <testcase classname="base.ProjectSpecificationMethods" name="@BeforeSuite reportinitialization" time="0.0">
    <ignored/>
  </testcase> <!-- @BeforeSuite reportinitialization -->
  <testcase classname="base.ProjectSpecificationMethods" name="@AfterSuite closeReport" time="0.0">
    <ignored/>
  </testcase> <!-- @AfterSuite closeReport -->
  <testcase classname="base.ProjectSpecificationMethods" name="@AfterSuite closeReport" time="0.0">
    <ignored/>
  </testcase> <!-- @AfterSuite closeReport -->
  <testcase classname="base.ProjectSpecificationMethods" name="@AfterSuite closeReport" time="0.0">
    <ignored/>
  </testcase> <!-- @AfterSuite closeReport -->
  <testcase classname="base.ProjectSpecificationMethods" name="@BeforeSuite reportinitialization" time="0.0">
    <ignored/>
  </testcase> <!-- @BeforeSuite reportinitialization -->
  <testcase classname="base.ProjectSpecificationMethods" name="@BeforeSuite reportinitialization" time="0.0">
    <ignored/>
  </testcase> <!-- @BeforeSuite reportinitialization -->
  <testcase classname="base.ProjectSpecificationMethods" name="@BeforeSuite reportinitialization" time="0.0">
    <ignored/>
  </testcase> <!-- @BeforeSuite reportinitialization -->
  <testcase classname="base.ProjectSpecificationMethods" name="@AfterSuite closeReport" time="0.0">
    <ignored/>
  </testcase> <!-- @AfterSuite closeReport -->
  <testcase classname="base.ProjectSpecificationMethods" name="@AfterSuite closeReport" time="0.0">
    <ignored/>
  </testcase> <!-- @AfterSuite closeReport -->
  <testcase classname="base.ProjectSpecificationMethods" name="@AfterSuite closeReport" time="0.0">
    <ignored/>
  </testcase> <!-- @AfterSuite closeReport -->
  <testcase classname="base.ProjectSpecificationMethods" name="@BeforeSuite reportinitialization" time="0.0">
    <ignored/>
  </testcase> <!-- @BeforeSuite reportinitialization -->
  <testcase classname="base.ProjectSpecificationMethods" name="@BeforeSuite reportinitialization" time="0.0">
    <ignored/>
  </testcase> <!-- @BeforeSuite reportinitialization -->
</testsuite> <!-- ChromeTest -->
