<?xml version="1.0" encoding="UTF-8"?>
<testng-results ignored="0" total="7" passed="7" failed="0" skipped="0">
  <reporter-output>
    <line>
      <![CDATA[Signup Button is Visible on the HomePage]]>
    </line>
    <line>
      <![CDATA[Signup Button is clickable on the HomePage]]>
    </line>
    <line>
      <![CDATA[opening the sign up window after clicking Sign up is Successful]]>
    </line>
    <line>
      <![CDATA[Login Button is Visible on the HomePage]]>
    </line>
    <line>
      <![CDATA[Login Button is Clickable]]>
    </line>
    <line>
      <![CDATA[redirection to the user dashboard using valid credentials is successful]]>
    </line>
    <line>
      <![CDATA[“Welcome user” is displayed on the homepage]]>
    </line>
    <line>
      <![CDATA[All menu items are displayed on the homepage.]]>
    </line>
    <line>
      <![CDATA[All categories are listed on the homepage.]]>
    </line>
    <line>
      <![CDATA[Application logo is displayed on the homepage]]>
    </line>
    <line>
      <![CDATA[Redirection to the product details page upon clicking a product is verified]]>
    </line>
    <line>
      <![CDATA[The displayed information accuracy successfully]]>
    </line>
    <line>
      <![CDATA[The product count increments in the cart after addition is verified]]>
    </line>
    <line>
      <![CDATA[Process of completing an order by clicking the purchase button verified]]>
    </line>
    <line>
      <![CDATA[Accurate calculation of the total price after modifications are verified]]>
    </line>
    <line>
      <![CDATA[Process of completing an order by clicking the purchase button verified]]>
    </line>
    <line>
      <![CDATA[Redirection to the place order window from the cart page is verified]]>
    </line>
    <line>
      <![CDATA[Presence of all user details sections are verified]]>
    </line>
    <line>
      <![CDATA[Successful payment processing with valid payment details verified]]>
    </line>
    <line>
      <![CDATA[visibility of the Log out button in the user dashboard verified]]>
    </line>
    <line>
      <![CDATA[Redirection to the home page after clicking Log out button verified]]>
    </line>
  </reporter-output>
  <suite started-at="2025-05-23T09:12:32 IST" name="Suite" finished-at="2025-05-23T09:15:01 IST" duration-ms="148971">
    <groups>
    </groups>
    <test started-at="2025-05-23T09:12:32 IST" name="ChromeTest" finished-at="2025-05-23T09:15:01 IST" duration-ms="148971">
      <class name="tests.TC005_Cart_FunctionalityTest">
        <test-method is-config="true" signature="setup()[pri:0, instance:tests.TC005_Cart_FunctionalityTest@74f0ea28]" started-at="2025-05-23T09:12:32 IST" name="setup" finished-at="2025-05-23T09:12:32 IST" duration-ms="0" status="PASS">
          <reporter-output>
          </reporter-output>
        </test-method> <!-- setup -->
        <test-method is-config="true" signature="launchBrowserAndLoadingUrl(java.lang.String,java.lang.String)[pri:0, instance:tests.TC005_Cart_FunctionalityTest@74f0ea28]" started-at="2025-05-23T09:13:41 IST" name="launchBrowserAndLoadingUrl" finished-at="2025-05-23T09:13:43 IST" duration-ms="2050" status="PASS">
          <params>
            <param index="0">
              <value>
                <![CDATA[chrome]]>
              </value>
            </param>
            <param index="1">
              <value>
                <![CDATA[https://www.demoblaze.com/]]>
              </value>
            </param>
          </params>
          <reporter-output>
          </reporter-output>
        </test-method> <!-- launchBrowserAndLoadingUrl -->
        <test-method signature="cartFunctionTest(java.lang.String,java.lang.String)[pri:0, instance:tests.TC005_Cart_FunctionalityTest@74f0ea28]" started-at="2025-05-23T09:13:43 IST" name="cartFunctionTest" data-provider="readData" finished-at="2025-05-23T09:14:43 IST" duration-ms="59621" status="PASS">
          <params>
            <param index="0">
              <value>
                <![CDATA[test@123]]>
              </value>
            </param>
            <param index="1">
              <value>
                <![CDATA[test@123]]>
              </value>
            </param>
          </params>
          <reporter-output>
            <line>
              <![CDATA[Accurate calculation of the total price after modifications are verified]]>
            </line>
          </reporter-output>
        </test-method> <!-- cartFunctionTest -->
        <test-method is-config="true" signature="browseClose()[pri:0, instance:tests.TC005_Cart_FunctionalityTest@74f0ea28]" started-at="2025-05-23T09:14:43 IST" name="browseClose" finished-at="2025-05-23T09:14:45 IST" duration-ms="2188" status="PASS">
          <reporter-output>
          </reporter-output>
        </test-method> <!-- browseClose -->
      </class> <!-- tests.TC005_Cart_FunctionalityTest -->
      <class name="tests.TC003_Product_Categories_and_DisplayTest">
        <test-method is-config="true" signature="setup()[pri:0, instance:tests.TC003_Product_Categories_and_DisplayTest@6aeb35e6]" started-at="2025-05-23T09:12:32 IST" name="setup" finished-at="2025-05-23T09:12:32 IST" duration-ms="0" status="PASS">
          <reporter-output>
          </reporter-output>
        </test-method> <!-- setup -->
        <test-method is-config="true" signature="launchBrowserAndLoadingUrl(java.lang.String,java.lang.String)[pri:0, instance:tests.TC003_Product_Categories_and_DisplayTest@6aeb35e6]" started-at="2025-05-23T09:12:49 IST" name="launchBrowserAndLoadingUrl" finished-at="2025-05-23T09:12:51 IST" duration-ms="2016" status="PASS">
          <params>
            <param index="0">
              <value>
                <![CDATA[chrome]]>
              </value>
            </param>
            <param index="1">
              <value>
                <![CDATA[https://www.demoblaze.com/]]>
              </value>
            </param>
          </params>
          <reporter-output>
          </reporter-output>
        </test-method> <!-- launchBrowserAndLoadingUrl -->
        <test-method signature="productTest(java.lang.String,java.lang.String,java.lang.String)[pri:0, instance:tests.TC003_Product_Categories_and_DisplayTest@6aeb35e6]" started-at="2025-05-23T09:12:51 IST" name="productTest" data-provider="readData" finished-at="2025-05-23T09:12:53 IST" duration-ms="2489" status="PASS">
          <params>
            <param index="0">
              <value>
                <![CDATA[test@123]]>
              </value>
            </param>
            <param index="1">
              <value>
                <![CDATA[test@123]]>
              </value>
            </param>
            <param index="2">
              <value>
                <![CDATA[Welcome test@123]]>
              </value>
            </param>
          </params>
          <reporter-output>
            <line>
              <![CDATA[“Welcome user” is displayed on the homepage]]>
            </line>
            <line>
              <![CDATA[All menu items are displayed on the homepage.]]>
            </line>
            <line>
              <![CDATA[All categories are listed on the homepage.]]>
            </line>
            <line>
              <![CDATA[Application logo is displayed on the homepage]]>
            </line>
          </reporter-output>
        </test-method> <!-- productTest -->
        <test-method is-config="true" signature="browseClose()[pri:0, instance:tests.TC003_Product_Categories_and_DisplayTest@6aeb35e6]" started-at="2025-05-23T09:12:53 IST" name="browseClose" finished-at="2025-05-23T09:12:56 IST" duration-ms="2644" status="PASS">
          <reporter-output>
          </reporter-output>
        </test-method> <!-- browseClose -->
      </class> <!-- tests.TC003_Product_Categories_and_DisplayTest -->
      <class name="tests.TC006_Purchase_FunctionTest">
        <test-method is-config="true" signature="setup()[pri:0, instance:tests.TC006_Purchase_FunctionTest@f6efaab]" started-at="2025-05-23T09:12:32 IST" name="setup" finished-at="2025-05-23T09:12:32 IST" duration-ms="0" status="PASS">
          <reporter-output>
          </reporter-output>
        </test-method> <!-- setup -->
        <test-method is-config="true" signature="launchBrowserAndLoadingUrl(java.lang.String,java.lang.String)[pri:0, instance:tests.TC006_Purchase_FunctionTest@f6efaab]" started-at="2025-05-23T09:14:45 IST" name="launchBrowserAndLoadingUrl" finished-at="2025-05-23T09:14:47 IST" duration-ms="2096" status="PASS">
          <params>
            <param index="0">
              <value>
                <![CDATA[chrome]]>
              </value>
            </param>
            <param index="1">
              <value>
                <![CDATA[https://www.demoblaze.com/]]>
              </value>
            </param>
          </params>
          <reporter-output>
          </reporter-output>
        </test-method> <!-- launchBrowserAndLoadingUrl -->
        <test-method signature="purchaseFunctionTest(java.lang.String,java.lang.String,java.lang.String,java.lang.String,java.lang.String,java.lang.String,java.lang.String,java.lang.String,java.lang.String,java.lang.String)[pri:0, instance:tests.TC006_Purchase_FunctionTest@f6efaab]" started-at="2025-05-23T09:14:47 IST" name="purchaseFunctionTest" data-provider="readData" finished-at="2025-05-23T09:14:52 IST" duration-ms="4473" status="PASS">
          <params>
            <param index="0">
              <value>
                <![CDATA[test@123]]>
              </value>
            </param>
            <param index="1">
              <value>
                <![CDATA[test@123]]>
              </value>
            </param>
            <param index="2">
              <value>
                <![CDATA[Place order]]>
              </value>
            </param>
            <param index="3">
              <value>
                <![CDATA[john]]>
              </value>
            </param>
            <param index="4">
              <value>
                <![CDATA[india]]>
              </value>
            </param>
            <param index="5">
              <value>
                <![CDATA[chennai]]>
              </value>
            </param>
            <param index="6">
              <value>
                <![CDATA[1234567890]]>
              </value>
            </param>
            <param index="7">
              <value>
                <![CDATA[june]]>
              </value>
            </param>
            <param index="8">
              <value>
                <![CDATA[2026]]>
              </value>
            </param>
            <param index="9">
              <value>
                <![CDATA[Thank you for your purchase!]]>
              </value>
            </param>
          </params>
          <reporter-output>
            <line>
              <![CDATA[Process of completing an order by clicking the purchase button verified]]>
            </line>
            <line>
              <![CDATA[Redirection to the place order window from the cart page is verified]]>
            </line>
            <line>
              <![CDATA[Presence of all user details sections are verified]]>
            </line>
            <line>
              <![CDATA[Successful payment processing with valid payment details verified]]>
            </line>
          </reporter-output>
        </test-method> <!-- purchaseFunctionTest -->
        <test-method is-config="true" signature="browseClose()[pri:0, instance:tests.TC006_Purchase_FunctionTest@f6efaab]" started-at="2025-05-23T09:14:52 IST" name="browseClose" finished-at="2025-05-23T09:14:54 IST" duration-ms="2152" status="PASS">
          <reporter-output>
          </reporter-output>
        </test-method> <!-- browseClose -->
      </class> <!-- tests.TC006_Purchase_FunctionTest -->
      <class name="tests.TC002_LoginFunctionTest">
        <test-method is-config="true" signature="setup()[pri:0, instance:tests.TC002_LoginFunctionTest@293a5bf6]" started-at="2025-05-23T09:12:32 IST" name="setup" finished-at="2025-05-23T09:12:32 IST" duration-ms="0" status="PASS">
          <reporter-output>
          </reporter-output>
        </test-method> <!-- setup -->
        <test-method is-config="true" signature="launchBrowserAndLoadingUrl(java.lang.String,java.lang.String)[pri:0, instance:tests.TC002_LoginFunctionTest@293a5bf6]" started-at="2025-05-23T09:12:42 IST" name="launchBrowserAndLoadingUrl" finished-at="2025-05-23T09:12:44 IST" duration-ms="2048" status="PASS">
          <params>
            <param index="0">
              <value>
                <![CDATA[chrome]]>
              </value>
            </param>
            <param index="1">
              <value>
                <![CDATA[https://www.demoblaze.com/]]>
              </value>
            </param>
          </params>
          <reporter-output>
          </reporter-output>
        </test-method> <!-- launchBrowserAndLoadingUrl -->
        <test-method signature="loginTest(java.lang.String,java.lang.String,java.lang.String)[pri:0, instance:tests.TC002_LoginFunctionTest@293a5bf6]" started-at="2025-05-23T09:12:44 IST" name="loginTest" data-provider="readData" finished-at="2025-05-23T09:12:46 IST" duration-ms="2430" status="PASS">
          <params>
            <param index="0">
              <value>
                <![CDATA[test@123]]>
              </value>
            </param>
            <param index="1">
              <value>
                <![CDATA[test@123]]>
              </value>
            </param>
            <param index="2">
              <value>
                <![CDATA[Welcome test@123]]>
              </value>
            </param>
          </params>
          <reporter-output>
            <line>
              <![CDATA[Login Button is Visible on the HomePage]]>
            </line>
            <line>
              <![CDATA[Login Button is Clickable]]>
            </line>
            <line>
              <![CDATA[redirection to the user dashboard using valid credentials is successful]]>
            </line>
          </reporter-output>
        </test-method> <!-- loginTest -->
        <test-method is-config="true" signature="browseClose()[pri:0, instance:tests.TC002_LoginFunctionTest@293a5bf6]" started-at="2025-05-23T09:12:46 IST" name="browseClose" finished-at="2025-05-23T09:12:49 IST" duration-ms="2589" status="PASS">
          <reporter-output>
          </reporter-output>
        </test-method> <!-- browseClose -->
      </class> <!-- tests.TC002_LoginFunctionTest -->
      <class name="tests.TC007_Logout_FunctionTest">
        <test-method is-config="true" signature="setup()[pri:0, instance:tests.TC007_Logout_FunctionTest@3c19aaa5]" started-at="2025-05-23T09:12:32 IST" name="setup" finished-at="2025-05-23T09:12:32 IST" duration-ms="0" status="PASS">
          <reporter-output>
          </reporter-output>
        </test-method> <!-- setup -->
        <test-method is-config="true" signature="launchBrowserAndLoadingUrl(java.lang.String,java.lang.String)[pri:0, instance:tests.TC007_Logout_FunctionTest@3c19aaa5]" started-at="2025-05-23T09:14:54 IST" name="launchBrowserAndLoadingUrl" finished-at="2025-05-23T09:14:56 IST" duration-ms="2152" status="PASS">
          <params>
            <param index="0">
              <value>
                <![CDATA[chrome]]>
              </value>
            </param>
            <param index="1">
              <value>
                <![CDATA[https://www.demoblaze.com/]]>
              </value>
            </param>
          </params>
          <reporter-output>
          </reporter-output>
        </test-method> <!-- launchBrowserAndLoadingUrl -->
        <test-method signature="logoutTest(java.lang.String,java.lang.String)[pri:0, instance:tests.TC007_Logout_FunctionTest@3c19aaa5]" started-at="2025-05-23T09:14:56 IST" name="logoutTest" data-provider="readData" finished-at="2025-05-23T09:14:59 IST" duration-ms="2911" status="PASS">
          <params>
            <param index="0">
              <value>
                <![CDATA[test@123]]>
              </value>
            </param>
            <param index="1">
              <value>
                <![CDATA[test@123]]>
              </value>
            </param>
          </params>
          <reporter-output>
            <line>
              <![CDATA[visibility of the Log out button in the user dashboard verified]]>
            </line>
            <line>
              <![CDATA[Redirection to the home page after clicking Log out button verified]]>
            </line>
          </reporter-output>
        </test-method> <!-- logoutTest -->
        <test-method is-config="true" signature="browseClose()[pri:0, instance:tests.TC007_Logout_FunctionTest@3c19aaa5]" started-at="2025-05-23T09:14:59 IST" name="browseClose" finished-at="2025-05-23T09:15:01 IST" duration-ms="2465" status="PASS">
          <reporter-output>
          </reporter-output>
        </test-method> <!-- browseClose -->
      </class> <!-- tests.TC007_Logout_FunctionTest -->
      <class name="tests.TC004_ProductDetails_and_AddingToCartTest">
        <test-method is-config="true" signature="setup()[pri:0, instance:tests.TC004_ProductDetails_and_AddingToCartTest@1283bb96]" started-at="2025-05-23T09:12:32 IST" name="setup" finished-at="2025-05-23T09:12:32 IST" duration-ms="0" status="PASS">
          <reporter-output>
          </reporter-output>
        </test-method> <!-- setup -->
        <test-method is-config="true" signature="launchBrowserAndLoadingUrl(java.lang.String,java.lang.String)[pri:0, instance:tests.TC004_ProductDetails_and_AddingToCartTest@1283bb96]" started-at="2025-05-23T09:12:56 IST" name="launchBrowserAndLoadingUrl" finished-at="2025-05-23T09:12:58 IST" duration-ms="2044" status="PASS">
          <params>
            <param index="0">
              <value>
                <![CDATA[chrome]]>
              </value>
            </param>
            <param index="1">
              <value>
                <![CDATA[https://www.demoblaze.com/]]>
              </value>
            </param>
          </params>
          <reporter-output>
          </reporter-output>
        </test-method> <!-- launchBrowserAndLoadingUrl -->
        <test-method signature="productAndCartTest(java.lang.String,java.lang.String,java.lang.String,java.lang.String,java.lang.String)[pri:0, instance:tests.TC004_ProductDetails_and_AddingToCartTest@1283bb96]" started-at="2025-05-23T09:12:58 IST" name="productAndCartTest" data-provider="readData" finished-at="2025-05-23T09:13:39 IST" duration-ms="40949" status="PASS">
          <params>
            <param index="0">
              <value>
                <![CDATA[test@123]]>
              </value>
            </param>
            <param index="1">
              <value>
                <![CDATA[test@123]]>
              </value>
            </param>
            <param index="2">
              <value>
                <![CDATA[Samsung galaxy s6]]>
              </value>
            </param>
            <param index="3">
              <value>
                <![CDATA[$360 *includes tax]]>
              </value>
            </param>
            <param index="4">
              <value>
                <![CDATA[The Samsung Galaxy S6 is powered by 1.5GHz octa-core Samsung Exynos 7420 processor and it comes with 3GB of RAM. The phone packs 32GB of internal storage cannot be expanded.]]>
              </value>
            </param>
          </params>
          <reporter-output>
            <line>
              <![CDATA[Redirection to the product details page upon clicking a product is verified]]>
            </line>
            <line>
              <![CDATA[The displayed information accuracy successfully]]>
            </line>
            <line>
              <![CDATA[The product count increments in the cart after addition is verified]]>
            </line>
            <line>
              <![CDATA[Process of completing an order by clicking the purchase button verified]]>
            </line>
          </reporter-output>
        </test-method> <!-- productAndCartTest -->
        <test-method is-config="true" signature="browseClose()[pri:0, instance:tests.TC004_ProductDetails_and_AddingToCartTest@1283bb96]" started-at="2025-05-23T09:13:39 IST" name="browseClose" finished-at="2025-05-23T09:13:41 IST" duration-ms="2236" status="PASS">
          <reporter-output>
          </reporter-output>
        </test-method> <!-- browseClose -->
      </class> <!-- tests.TC004_ProductDetails_and_AddingToCartTest -->
      <class name="tests.TC001_SignUpFunctionTest">
        <test-method is-config="true" signature="reportinitialization()[pri:0, instance:tests.TC001_SignUpFunctionTest@747ddf94]" started-at="2025-05-23T09:12:32 IST" name="reportinitialization" finished-at="2025-05-23T09:12:32 IST" duration-ms="156" status="PASS">
          <reporter-output>
          </reporter-output>
        </test-method> <!-- reportinitialization -->
        <test-method is-config="true" signature="setup()[pri:0, instance:tests.TC001_SignUpFunctionTest@747ddf94]" started-at="2025-05-23T09:12:32 IST" name="setup" finished-at="2025-05-23T09:12:32 IST" duration-ms="1" status="PASS">
          <reporter-output>
          </reporter-output>
        </test-method> <!-- setup -->
        <test-method is-config="true" signature="launchBrowserAndLoadingUrl(java.lang.String,java.lang.String)[pri:0, instance:tests.TC001_SignUpFunctionTest@747ddf94]" started-at="2025-05-23T09:12:33 IST" name="launchBrowserAndLoadingUrl" finished-at="2025-05-23T09:12:36 IST" duration-ms="2896" status="PASS">
          <params>
            <param index="0">
              <value>
                <![CDATA[chrome]]>
              </value>
            </param>
            <param index="1">
              <value>
                <![CDATA[https://www.demoblaze.com/]]>
              </value>
            </param>
          </params>
          <reporter-output>
          </reporter-output>
        </test-method> <!-- launchBrowserAndLoadingUrl -->
        <test-method signature="SignUpTest(java.lang.String,java.lang.String,java.lang.String)[pri:0, instance:tests.TC001_SignUpFunctionTest@747ddf94]" started-at="2025-05-23T09:12:36 IST" name="SignUpTest" data-provider="readData" finished-at="2025-05-23T09:12:39 IST" duration-ms="2931" status="PASS">
          <params>
            <param index="0">
              <value>
                <![CDATA[test@123]]>
              </value>
            </param>
            <param index="1">
              <value>
                <![CDATA[test@123]]>
              </value>
            </param>
            <param index="2">
              <value>
                <![CDATA[Sign up]]>
              </value>
            </param>
          </params>
          <reporter-output>
            <line>
              <![CDATA[Signup Button is Visible on the HomePage]]>
            </line>
            <line>
              <![CDATA[Signup Button is clickable on the HomePage]]>
            </line>
            <line>
              <![CDATA[opening the sign up window after clicking Sign up is Successful]]>
            </line>
          </reporter-output>
        </test-method> <!-- SignUpTest -->
        <test-method is-config="true" signature="browseClose()[pri:0, instance:tests.TC001_SignUpFunctionTest@747ddf94]" started-at="2025-05-23T09:12:39 IST" name="browseClose" finished-at="2025-05-23T09:12:42 IST" duration-ms="2744" status="PASS">
          <reporter-output>
          </reporter-output>
        </test-method> <!-- browseClose -->
        <test-method is-config="true" signature="closeReport()[pri:0, instance:tests.TC001_SignUpFunctionTest@747ddf94]" started-at="2025-05-23T09:15:01 IST" name="closeReport" finished-at="2025-05-23T09:15:01 IST" duration-ms="192" status="PASS">
          <reporter-output>
          </reporter-output>
        </test-method> <!-- closeReport -->
      </class> <!-- tests.TC001_SignUpFunctionTest -->
    </test> <!-- ChromeTest -->
  </suite> <!-- Suite -->
</testng-results>
