<?xml version="1.0" encoding="UTF-8"?>
<testng-results ignored="0" total="7" passed="7" failed="0" skipped="0">
  <reporter-output>
    <line>
      <![CDATA[Signup Button is Visible on the HomePage]]>
    </line>
    <line>
      <![CDATA[Signup Button is clickable on the HomePage]]>
    </line>
    <line>
      <![CDATA[opening the sign up window after clicking Sign up is Successful]]>
    </line>
    <line>
      <![CDATA[Login Button is Visible on the HomePage]]>
    </line>
    <line>
      <![CDATA[Login Button is Clickable]]>
    </line>
    <line>
      <![CDATA[redirection to the user dashboard using valid credentials is successful]]>
    </line>
    <line>
      <![CDATA[“Welcome user” is displayed on the homepage]]>
    </line>
    <line>
      <![CDATA[All menu items are displayed on the homepage.]]>
    </line>
    <line>
      <![CDATA[All categories are listed on the homepage.]]>
    </line>
    <line>
      <![CDATA[Application logo is displayed on the homepage]]>
    </line>
    <line>
      <![CDATA[Redirection to the product details page upon clicking a product is verified]]>
    </line>
    <line>
      <![CDATA[The displayed information accuracy successfully]]>
    </line>
    <line>
      <![CDATA[The product count increments in the cart after addition is verified]]>
    </line>
    <line>
      <![CDATA[Process of completing an order by clicking the purchase button verified]]>
    </line>
    <line>
      <![CDATA[Accurate calculation of the total price after modifications are verified]]>
    </line>
    <line>
      <![CDATA[Process of completing an order by clicking the purchase button verified]]>
    </line>
    <line>
      <![CDATA[Redirection to the place order window from the cart page is verified]]>
    </line>
    <line>
      <![CDATA[Presence of all user details sections are verified]]>
    </line>
    <line>
      <![CDATA[Successful payment processing with valid payment details verified]]>
    </line>
    <line>
      <![CDATA[visibility of the Log out button in the user dashboard verified]]>
    </line>
    <line>
      <![CDATA[Redirection to the home page after clicking Log out button verified]]>
    </line>
  </reporter-output>
  <suite started-at="2025-05-23T08:49:19 IST" name="Suite" finished-at="2025-05-23T08:50:30 IST" duration-ms="71022">
    <groups>
    </groups>
    <test started-at="2025-05-23T08:49:19 IST" name="ChromeTest" finished-at="2025-05-23T08:50:30 IST" duration-ms="71022">
      <class name="tests.TC005_Cart_FunctionalityTest">
        <test-method is-config="true" signature="setup()[pri:0, instance:tests.TC005_Cart_FunctionalityTest@55fe41ea]" started-at="2025-05-23T08:49:19 IST" name="setup" finished-at="2025-05-23T08:49:19 IST" duration-ms="0" status="PASS">
          <reporter-output>
          </reporter-output>
        </test-method> <!-- setup -->
        <test-method is-config="true" signature="launchBrowserAndLoadingUrl(java.lang.String,java.lang.String)[pri:0, instance:tests.TC005_Cart_FunctionalityTest@55fe41ea]" started-at="2025-05-23T08:49:59 IST" name="launchBrowserAndLoadingUrl" finished-at="2025-05-23T08:50:01 IST" duration-ms="2087" status="PASS">
          <params>
            <param index="0">
              <value>
                <![CDATA[chrome]]>
              </value>
            </param>
            <param index="1">
              <value>
                <![CDATA[https://www.demoblaze.com/]]>
              </value>
            </param>
          </params>
          <reporter-output>
          </reporter-output>
        </test-method> <!-- launchBrowserAndLoadingUrl -->
        <test-method signature="cartFunctionTest(java.lang.String,java.lang.String)[pri:0, instance:tests.TC005_Cart_FunctionalityTest@55fe41ea]" started-at="2025-05-23T08:50:01 IST" name="cartFunctionTest" data-provider="readData" finished-at="2025-05-23T08:50:11 IST" duration-ms="9519" status="PASS">
          <params>
            <param index="0">
              <value>
                <![CDATA[test@123]]>
              </value>
            </param>
            <param index="1">
              <value>
                <![CDATA[test@123]]>
              </value>
            </param>
          </params>
          <reporter-output>
            <line>
              <![CDATA[Accurate calculation of the total price after modifications are verified]]>
            </line>
          </reporter-output>
        </test-method> <!-- cartFunctionTest -->
        <test-method is-config="true" signature="browseClose()[pri:0, instance:tests.TC005_Cart_FunctionalityTest@55fe41ea]" started-at="2025-05-23T08:50:11 IST" name="browseClose" finished-at="2025-05-23T08:50:13 IST" duration-ms="2181" status="PASS">
          <reporter-output>
          </reporter-output>
        </test-method> <!-- browseClose -->
      </class> <!-- tests.TC005_Cart_FunctionalityTest -->
      <class name="tests.TC003_Product_Categories_and_DisplayTest">
        <test-method is-config="true" signature="setup()[pri:0, instance:tests.TC003_Product_Categories_and_DisplayTest@ba2f4ec]" started-at="2025-05-23T08:49:19 IST" name="setup" finished-at="2025-05-23T08:49:19 IST" duration-ms="0" status="PASS">
          <reporter-output>
          </reporter-output>
        </test-method> <!-- setup -->
        <test-method is-config="true" signature="launchBrowserAndLoadingUrl(java.lang.String,java.lang.String)[pri:0, instance:tests.TC003_Product_Categories_and_DisplayTest@ba2f4ec]" started-at="2025-05-23T08:49:33 IST" name="launchBrowserAndLoadingUrl" finished-at="2025-05-23T08:49:36 IST" duration-ms="2070" status="PASS">
          <params>
            <param index="0">
              <value>
                <![CDATA[chrome]]>
              </value>
            </param>
            <param index="1">
              <value>
                <![CDATA[https://www.demoblaze.com/]]>
              </value>
            </param>
          </params>
          <reporter-output>
          </reporter-output>
        </test-method> <!-- launchBrowserAndLoadingUrl -->
        <test-method signature="productTest(java.lang.String,java.lang.String,java.lang.String)[pri:0, instance:tests.TC003_Product_Categories_and_DisplayTest@ba2f4ec]" started-at="2025-05-23T08:49:36 IST" name="productTest" data-provider="readData" finished-at="2025-05-23T08:49:39 IST" duration-ms="3011" status="PASS">
          <params>
            <param index="0">
              <value>
                <![CDATA[test@123]]>
              </value>
            </param>
            <param index="1">
              <value>
                <![CDATA[test@123]]>
              </value>
            </param>
            <param index="2">
              <value>
                <![CDATA[Welcome test@123]]>
              </value>
            </param>
          </params>
          <reporter-output>
            <line>
              <![CDATA[“Welcome user” is displayed on the homepage]]>
            </line>
            <line>
              <![CDATA[All menu items are displayed on the homepage.]]>
            </line>
            <line>
              <![CDATA[All categories are listed on the homepage.]]>
            </line>
            <line>
              <![CDATA[Application logo is displayed on the homepage]]>
            </line>
          </reporter-output>
        </test-method> <!-- productTest -->
        <test-method is-config="true" signature="browseClose()[pri:0, instance:tests.TC003_Product_Categories_and_DisplayTest@ba2f4ec]" started-at="2025-05-23T08:49:39 IST" name="browseClose" finished-at="2025-05-23T08:49:41 IST" duration-ms="2141" status="PASS">
          <reporter-output>
          </reporter-output>
        </test-method> <!-- browseClose -->
      </class> <!-- tests.TC003_Product_Categories_and_DisplayTest -->
      <class name="tests.TC006_Purchase_FunctionTest">
        <test-method is-config="true" signature="setup()[pri:0, instance:tests.TC006_Purchase_FunctionTest@fbd1f6]" started-at="2025-05-23T08:49:19 IST" name="setup" finished-at="2025-05-23T08:49:19 IST" duration-ms="0" status="PASS">
          <reporter-output>
          </reporter-output>
        </test-method> <!-- setup -->
        <test-method is-config="true" signature="launchBrowserAndLoadingUrl(java.lang.String,java.lang.String)[pri:0, instance:tests.TC006_Purchase_FunctionTest@fbd1f6]" started-at="2025-05-23T08:50:13 IST" name="launchBrowserAndLoadingUrl" finished-at="2025-05-23T08:50:15 IST" duration-ms="2195" status="PASS">
          <params>
            <param index="0">
              <value>
                <![CDATA[chrome]]>
              </value>
            </param>
            <param index="1">
              <value>
                <![CDATA[https://www.demoblaze.com/]]>
              </value>
            </param>
          </params>
          <reporter-output>
          </reporter-output>
        </test-method> <!-- launchBrowserAndLoadingUrl -->
        <test-method signature="purchaseFunctionTest(java.lang.String,java.lang.String,java.lang.String,java.lang.String,java.lang.String,java.lang.String,java.lang.String,java.lang.String,java.lang.String,java.lang.String)[pri:0, instance:tests.TC006_Purchase_FunctionTest@fbd1f6]" started-at="2025-05-23T08:50:15 IST" name="purchaseFunctionTest" data-provider="readData" finished-at="2025-05-23T08:50:20 IST" duration-ms="4456" status="PASS">
          <params>
            <param index="0">
              <value>
                <![CDATA[test@123]]>
              </value>
            </param>
            <param index="1">
              <value>
                <![CDATA[test@123]]>
              </value>
            </param>
            <param index="2">
              <value>
                <![CDATA[Place order]]>
              </value>
            </param>
            <param index="3">
              <value>
                <![CDATA[john]]>
              </value>
            </param>
            <param index="4">
              <value>
                <![CDATA[india]]>
              </value>
            </param>
            <param index="5">
              <value>
                <![CDATA[chennai]]>
              </value>
            </param>
            <param index="6">
              <value>
                <![CDATA[1234567890]]>
              </value>
            </param>
            <param index="7">
              <value>
                <![CDATA[june]]>
              </value>
            </param>
            <param index="8">
              <value>
                <![CDATA[2026]]>
              </value>
            </param>
            <param index="9">
              <value>
                <![CDATA[Thank you for your purchase!]]>
              </value>
            </param>
          </params>
          <reporter-output>
            <line>
              <![CDATA[Process of completing an order by clicking the purchase button verified]]>
            </line>
            <line>
              <![CDATA[Redirection to the place order window from the cart page is verified]]>
            </line>
            <line>
              <![CDATA[Presence of all user details sections are verified]]>
            </line>
            <line>
              <![CDATA[Successful payment processing with valid payment details verified]]>
            </line>
          </reporter-output>
        </test-method> <!-- purchaseFunctionTest -->
        <test-method is-config="true" signature="browseClose()[pri:0, instance:tests.TC006_Purchase_FunctionTest@fbd1f6]" started-at="2025-05-23T08:50:20 IST" name="browseClose" finished-at="2025-05-23T08:50:22 IST" duration-ms="2174" status="PASS">
          <reporter-output>
          </reporter-output>
        </test-method> <!-- browseClose -->
      </class> <!-- tests.TC006_Purchase_FunctionTest -->
      <class name="tests.TC002_LoginFunctionTest">
        <test-method is-config="true" signature="setup()[pri:0, instance:tests.TC002_LoginFunctionTest@49438269]" started-at="2025-05-23T08:49:19 IST" name="setup" finished-at="2025-05-23T08:49:19 IST" duration-ms="0" status="PASS">
          <reporter-output>
          </reporter-output>
        </test-method> <!-- setup -->
        <test-method is-config="true" signature="launchBrowserAndLoadingUrl(java.lang.String,java.lang.String)[pri:0, instance:tests.TC002_LoginFunctionTest@49438269]" started-at="2025-05-23T08:49:27 IST" name="launchBrowserAndLoadingUrl" finished-at="2025-05-23T08:49:29 IST" duration-ms="1952" status="PASS">
          <params>
            <param index="0">
              <value>
                <![CDATA[chrome]]>
              </value>
            </param>
            <param index="1">
              <value>
                <![CDATA[https://www.demoblaze.com/]]>
              </value>
            </param>
          </params>
          <reporter-output>
          </reporter-output>
        </test-method> <!-- launchBrowserAndLoadingUrl -->
        <test-method signature="loginTest(java.lang.String,java.lang.String,java.lang.String)[pri:0, instance:tests.TC002_LoginFunctionTest@49438269]" started-at="2025-05-23T08:49:29 IST" name="loginTest" data-provider="readData" finished-at="2025-05-23T08:49:31 IST" duration-ms="2475" status="PASS">
          <params>
            <param index="0">
              <value>
                <![CDATA[test@123]]>
              </value>
            </param>
            <param index="1">
              <value>
                <![CDATA[test@123]]>
              </value>
            </param>
            <param index="2">
              <value>
                <![CDATA[Welcome test@123]]>
              </value>
            </param>
          </params>
          <reporter-output>
            <line>
              <![CDATA[Login Button is Visible on the HomePage]]>
            </line>
            <line>
              <![CDATA[Login Button is Clickable]]>
            </line>
            <line>
              <![CDATA[redirection to the user dashboard using valid credentials is successful]]>
            </line>
          </reporter-output>
        </test-method> <!-- loginTest -->
        <test-method is-config="true" signature="browseClose()[pri:0, instance:tests.TC002_LoginFunctionTest@49438269]" started-at="2025-05-23T08:49:31 IST" name="browseClose" finished-at="2025-05-23T08:49:33 IST" duration-ms="2192" status="PASS">
          <reporter-output>
          </reporter-output>
        </test-method> <!-- browseClose -->
      </class> <!-- tests.TC002_LoginFunctionTest -->
      <class name="tests.TC007_Logout_FunctionTest">
        <test-method is-config="true" signature="setup()[pri:0, instance:tests.TC007_Logout_FunctionTest@1ce24091]" started-at="2025-05-23T08:49:19 IST" name="setup" finished-at="2025-05-23T08:49:19 IST" duration-ms="0" status="PASS">
          <reporter-output>
          </reporter-output>
        </test-method> <!-- setup -->
        <test-method is-config="true" signature="launchBrowserAndLoadingUrl(java.lang.String,java.lang.String)[pri:0, instance:tests.TC007_Logout_FunctionTest@1ce24091]" started-at="2025-05-23T08:50:22 IST" name="launchBrowserAndLoadingUrl" finished-at="2025-05-23T08:50:24 IST" duration-ms="2027" status="PASS">
          <params>
            <param index="0">
              <value>
                <![CDATA[chrome]]>
              </value>
            </param>
            <param index="1">
              <value>
                <![CDATA[https://www.demoblaze.com/]]>
              </value>
            </param>
          </params>
          <reporter-output>
          </reporter-output>
        </test-method> <!-- launchBrowserAndLoadingUrl -->
        <test-method signature="logoutTest(java.lang.String,java.lang.String)[pri:0, instance:tests.TC007_Logout_FunctionTest@1ce24091]" started-at="2025-05-23T08:50:24 IST" name="logoutTest" data-provider="readData" finished-at="2025-05-23T08:50:27 IST" duration-ms="3483" status="PASS">
          <params>
            <param index="0">
              <value>
                <![CDATA[test@123]]>
              </value>
            </param>
            <param index="1">
              <value>
                <![CDATA[test@123]]>
              </value>
            </param>
          </params>
          <reporter-output>
            <line>
              <![CDATA[visibility of the Log out button in the user dashboard verified]]>
            </line>
            <line>
              <![CDATA[Redirection to the home page after clicking Log out button verified]]>
            </line>
          </reporter-output>
        </test-method> <!-- logoutTest -->
        <test-method is-config="true" signature="browseClose()[pri:0, instance:tests.TC007_Logout_FunctionTest@1ce24091]" started-at="2025-05-23T08:50:27 IST" name="browseClose" finished-at="2025-05-23T08:50:30 IST" duration-ms="2272" status="PASS">
          <reporter-output>
          </reporter-output>
        </test-method> <!-- browseClose -->
      </class> <!-- tests.TC007_Logout_FunctionTest -->
      <class name="tests.TC004_ProductDetails_and_AddingToCartTest">
        <test-method is-config="true" signature="setup()[pri:0, instance:tests.TC004_ProductDetails_and_AddingToCartTest@1c1bbc4e]" started-at="2025-05-23T08:49:19 IST" name="setup" finished-at="2025-05-23T08:49:19 IST" duration-ms="0" status="PASS">
          <reporter-output>
          </reporter-output>
        </test-method> <!-- setup -->
        <test-method is-config="true" signature="launchBrowserAndLoadingUrl(java.lang.String,java.lang.String)[pri:0, instance:tests.TC004_ProductDetails_and_AddingToCartTest@1c1bbc4e]" started-at="2025-05-23T08:49:41 IST" name="launchBrowserAndLoadingUrl" finished-at="2025-05-23T08:49:43 IST" duration-ms="2003" status="PASS">
          <params>
            <param index="0">
              <value>
                <![CDATA[chrome]]>
              </value>
            </param>
            <param index="1">
              <value>
                <![CDATA[https://www.demoblaze.com/]]>
              </value>
            </param>
          </params>
          <reporter-output>
          </reporter-output>
        </test-method> <!-- launchBrowserAndLoadingUrl -->
        <test-method signature="productAndCartTest(java.lang.String,java.lang.String,java.lang.String,java.lang.String,java.lang.String)[pri:0, instance:tests.TC004_ProductDetails_and_AddingToCartTest@1c1bbc4e]" started-at="2025-05-23T08:49:43 IST" name="productAndCartTest" data-provider="readData" finished-at="2025-05-23T08:49:57 IST" duration-ms="14241" status="PASS">
          <params>
            <param index="0">
              <value>
                <![CDATA[test@123]]>
              </value>
            </param>
            <param index="1">
              <value>
                <![CDATA[test@123]]>
              </value>
            </param>
            <param index="2">
              <value>
                <![CDATA[Samsung galaxy s6]]>
              </value>
            </param>
            <param index="3">
              <value>
                <![CDATA[$360 *includes tax]]>
              </value>
            </param>
            <param index="4">
              <value>
                <![CDATA[The Samsung Galaxy S6 is powered by 1.5GHz octa-core Samsung Exynos 7420 processor and it comes with 3GB of RAM. The phone packs 32GB of internal storage cannot be expanded.]]>
              </value>
            </param>
          </params>
          <reporter-output>
            <line>
              <![CDATA[Redirection to the product details page upon clicking a product is verified]]>
            </line>
            <line>
              <![CDATA[The displayed information accuracy successfully]]>
            </line>
            <line>
              <![CDATA[The product count increments in the cart after addition is verified]]>
            </line>
            <line>
              <![CDATA[Process of completing an order by clicking the purchase button verified]]>
            </line>
          </reporter-output>
        </test-method> <!-- productAndCartTest -->
        <test-method is-config="true" signature="browseClose()[pri:0, instance:tests.TC004_ProductDetails_and_AddingToCartTest@1c1bbc4e]" started-at="2025-05-23T08:49:57 IST" name="browseClose" finished-at="2025-05-23T08:49:59 IST" duration-ms="2321" status="PASS">
          <reporter-output>
          </reporter-output>
        </test-method> <!-- browseClose -->
      </class> <!-- tests.TC004_ProductDetails_and_AddingToCartTest -->
      <class name="tests.TC001_SignUpFunctionTest">
        <test-method is-config="true" signature="reportinitialization()[pri:0, instance:tests.TC001_SignUpFunctionTest@4b2bac3f]" started-at="2025-05-23T08:49:19 IST" name="reportinitialization" finished-at="2025-05-23T08:49:19 IST" duration-ms="155" status="PASS">
          <reporter-output>
          </reporter-output>
        </test-method> <!-- reportinitialization -->
        <test-method is-config="true" signature="setup()[pri:0, instance:tests.TC001_SignUpFunctionTest@4b2bac3f]" started-at="2025-05-23T08:49:19 IST" name="setup" finished-at="2025-05-23T08:49:19 IST" duration-ms="0" status="PASS">
          <reporter-output>
          </reporter-output>
        </test-method> <!-- setup -->
        <test-method is-config="true" signature="launchBrowserAndLoadingUrl(java.lang.String,java.lang.String)[pri:0, instance:tests.TC001_SignUpFunctionTest@4b2bac3f]" started-at="2025-05-23T08:49:19 IST" name="launchBrowserAndLoadingUrl" finished-at="2025-05-23T08:49:22 IST" duration-ms="2273" status="PASS">
          <params>
            <param index="0">
              <value>
                <![CDATA[chrome]]>
              </value>
            </param>
            <param index="1">
              <value>
                <![CDATA[https://www.demoblaze.com/]]>
              </value>
            </param>
          </params>
          <reporter-output>
          </reporter-output>
        </test-method> <!-- launchBrowserAndLoadingUrl -->
        <test-method signature="SignUpTest(java.lang.String,java.lang.String,java.lang.String)[pri:0, instance:tests.TC001_SignUpFunctionTest@4b2bac3f]" started-at="2025-05-23T08:49:22 IST" name="SignUpTest" data-provider="readData" finished-at="2025-05-23T08:49:25 IST" duration-ms="2923" status="PASS">
          <params>
            <param index="0">
              <value>
                <![CDATA[test@123]]>
              </value>
            </param>
            <param index="1">
              <value>
                <![CDATA[test@123]]>
              </value>
            </param>
            <param index="2">
              <value>
                <![CDATA[Sign up]]>
              </value>
            </param>
          </params>
          <reporter-output>
            <line>
              <![CDATA[Signup Button is Visible on the HomePage]]>
            </line>
            <line>
              <![CDATA[Signup Button is clickable on the HomePage]]>
            </line>
            <line>
              <![CDATA[opening the sign up window after clicking Sign up is Successful]]>
            </line>
          </reporter-output>
        </test-method> <!-- SignUpTest -->
        <test-method is-config="true" signature="browseClose()[pri:0, instance:tests.TC001_SignUpFunctionTest@4b2bac3f]" started-at="2025-05-23T08:49:25 IST" name="browseClose" finished-at="2025-05-23T08:49:27 IST" duration-ms="2236" status="PASS">
          <reporter-output>
          </reporter-output>
        </test-method> <!-- browseClose -->
        <test-method is-config="true" signature="closeReport()[pri:0, instance:tests.TC001_SignUpFunctionTest@4b2bac3f]" started-at="2025-05-23T08:50:30 IST" name="closeReport" finished-at="2025-05-23T08:50:30 IST" duration-ms="166" status="PASS">
          <reporter-output>
          </reporter-output>
        </test-method> <!-- closeReport -->
      </class> <!-- tests.TC001_SignUpFunctionTest -->
    </test> <!-- ChromeTest -->
  </suite> <!-- Suite -->
</testng-results>
